Build started 11/25/2015 4:02:07 PM.
     1>Project "R:\eng107\ReALM_CAPI\software\Vortex\hw\sap\surf_ip_detector_v1_00_b\vs\surf_ip_detector_v1_00_b.vcxproj" on node 2 (Rebuild target(s)).
     1>C:\Program Files (x86)\MSBuild\Microsoft.Cpp\v4.0\V120\Microsoft.CppBuild.targets(364,5): warning MSB8004: Output Directory does not end with a trailing slash.  This build instance will add the slash as it is required to allow proper evaluation of the Output Directory.
     1>ClCompile:
         C:\Program Files (x86)\Microsoft Visual Studio 12.0\VC\bin\x86_amd64\CL.exe /c /IR:\eng107\ReALM_CAPI\software\Vortex\hw\vcores\cores\vortex_infrastructure_v3_00_a\include /IR:\eng107\ReALM_CAPI\software\Vortex\hw\sap\surf_ip_detector_v1_00_b\vs\\..\include /Zi /nologo /W3 /WX- /sdl /Od /D _MBCS /Gm /EHsc /RTC1 /MDd /GS /fp:precise /Zc:wchar_t /Zc:forScope /Fo"x64\Debug\\" /Fd"x64\Debug\vc120.pdb" /Gd /TP /errorReport:prompt ..\src\surf_ip_detector_v1_00_b.cpp ..\src\surf_ip_detector_v1_00_b_configuration_list.cpp ..\src\surf_ip_detector_v1_00_b_hessian_config.cpp ..\src\surf_ip_detector_v1_00_b_integral_image_config.cpp ..\src\surf_ip_detector_v1_00_b_ip_localizer_config.cpp ..\src\surf_ip_detector_v1_00_b_notification_config.cpp ..\src\surf_ip_detector_v1_00_b_controller_config.cpp ..\src\surf_ip_detector_v1_00_b_orientation_assignment_config.cpp ..\src\surf_ip_detector_v1_00_b_pixel_distribution_config.cpp
         surf_ip_detector_v1_00_b_pixel_distribution_config.cpp
     1>..\src\surf_ip_detector_v1_00_b_pixel_distribution_config.cpp(27): warning C4244: 'return' : conversion from 'uint16_t' to 'uint8_t', possible loss of data
         surf_ip_detector_v1_00_b_orientation_assignment_config.cpp
     1>..\src\surf_ip_detector_v1_00_b_orientation_assignment_config.cpp(26): warning C4244: 'return' : conversion from 'uint16_t' to 'uint8_t', possible loss of data
         surf_ip_detector_v1_00_b_controller_config.cpp
         surf_ip_detector_v1_00_b_notification_config.cpp
         surf_ip_detector_v1_00_b_ip_localizer_config.cpp
     1>..\src\surf_ip_detector_v1_00_b_ip_localizer_config.cpp(20): warning C4244: 'return' : conversion from 'uint16_t' to 'uint8_t', possible loss of data
         surf_ip_detector_v1_00_b_integral_image_config.cpp
     1>..\src\surf_ip_detector_v1_00_b_integral_image_config.cpp(19): warning C4244: 'return' : conversion from 'uint16_t' to 'uint8_t', possible loss of data
         surf_ip_detector_v1_00_b_hessian_config.cpp
     1>..\src\surf_ip_detector_v1_00_b_hessian_config.cpp(19): warning C4244: 'return' : conversion from 'uint16_t' to 'uint8_t', possible loss of data
         surf_ip_detector_v1_00_b_configuration_list.cpp
         surf_ip_detector_v1_00_b.cpp
     1>..\src\surf_ip_detector_v1_00_b.cpp(195): warning C4244: 'initializing' : conversion from 'uint64_t' to 'int', possible loss of data
     1>..\src\surf_ip_detector_v1_00_b.cpp(266): warning C4267: 'argument' : conversion from 'size_t' to 'int', possible loss of data
     1>..\src\surf_ip_detector_v1_00_b.cpp(277): warning C4267: 'argument' : conversion from 'size_t' to 'int', possible loss of data
     1>..\src\surf_ip_detector_v1_00_b.cpp(303): warning C4244: 'initializing' : conversion from 'uint64_t' to 'int', possible loss of data
     1>..\src\surf_ip_detector_v1_00_b.cpp(324): warning C4244: '=' : conversion from 'uint64_t' to 'int', possible loss of data
         Generating Code...
       Lib:
         C:\Program Files (x86)\Microsoft Visual Studio 12.0\VC\bin\x86_amd64\Lib.exe /OUT:"R:\eng107\ReALM_CAPI\software\Vortex\hw\sap\surf_ip_detector_v1_00_b\vs\\..\library\surf_ip_detector_v1_00_b.lib" /NOLOGO /MACHINE:X64 x64\Debug\surf_ip_detector_v1_00_b.obj
         x64\Debug\surf_ip_detector_v1_00_b_configuration_list.obj
         x64\Debug\surf_ip_detector_v1_00_b_hessian_config.obj
         x64\Debug\surf_ip_detector_v1_00_b_integral_image_config.obj
         x64\Debug\surf_ip_detector_v1_00_b_ip_localizer_config.obj
         x64\Debug\surf_ip_detector_v1_00_b_notification_config.obj
         x64\Debug\surf_ip_detector_v1_00_b_controller_config.obj
         x64\Debug\surf_ip_detector_v1_00_b_orientation_assignment_config.obj
         x64\Debug\surf_ip_detector_v1_00_b_pixel_distribution_config.obj
         surf_ip_detector_v1_00_b.vcxproj -> R:\eng107\ReALM_CAPI\software\Vortex\hw\sap\surf_ip_detector_v1_00_b\vs\\..\library\surf_ip_detector_v1_00_b.lib
     1>Done Building Project "R:\eng107\ReALM_CAPI\software\Vortex\hw\sap\surf_ip_detector_v1_00_b\vs\surf_ip_detector_v1_00_b.vcxproj" (Rebuild target(s)).

Build succeeded.

Time Elapsed 00:00:06.75
