G:\RESEARCH\REALM_CAPI\SOFTWARE\VORTEX\HW\VCORES\CORES\VORTEX_INFRASTRUCTURE_V3_00_A\VS\X64\DEBUG\IVORTEXCONFIGURATION.OBJ
G:\RESEARCH\REALM_CAPI\SOFTWARE\VORTEX\HW\VCORES\CORES\VORTEX_INFRASTRUCTURE_V3_00_A\VS\X64\DEBUG\IVORTEXNIFSAP.OBJ
G:\RESEARCH\REALM_CAPI\SOFTWARE\VORTEX\HW\VCORES\CORES\VORTEX_INFRASTRUCTURE_V3_00_A\VS\X64\DEBUG\VORTEXACCELERATORENVIRONMENT.OBJ
G:\RESEARCH\REALM_CAPI\SOFTWARE\VORTEX\HW\VCORES\CORES\VORTEX_INFRASTRUCTURE_V3_00_A\VS\X64\DEBUG\VORTEXCONFIGURATIONGROUP.OBJ
G:\RESEARCH\REALM_CAPI\SOFTWARE\VORTEX\HW\VCORES\CORES\VORTEX_INFRASTRUCTURE_V3_00_A\VS\X64\DEBUG\VORTEXCONFIGURATIONPACKET.OBJ
G:\RESEARCH\REALM_CAPI\SOFTWARE\VORTEX\HW\VCORES\CORES\VORTEX_INFRASTRUCTURE_V3_00_A\VS\X64\DEBUG\VORTEXDESCRIPTORCONFIGURATION.OBJ
G:\RESEARCH\REALM_CAPI\SOFTWARE\VORTEX\HW\VCORES\CORES\VORTEX_INFRASTRUCTURE_V3_00_A\VS\X64\DEBUG\VORTEXDEVICEADDRESS.OBJ
G:\RESEARCH\REALM_CAPI\SOFTWARE\VORTEX\HW\VCORES\CORES\VORTEX_INFRASTRUCTURE_V3_00_A\VS\X64\DEBUG\VORTEXGENERICCONFIGURATION.OBJ
G:\RESEARCH\REALM_CAPI\SOFTWARE\VORTEX\HW\VCORES\CORES\VORTEX_INFRASTRUCTURE_V3_00_A\VS\X64\DEBUG\VORTEXIMAGEDESCRIPTOR.OBJ
G:\RESEARCH\REALM_CAPI\SOFTWARE\VORTEX\HW\VCORES\CORES\VORTEX_INFRASTRUCTURE_V3_00_A\VS\X64\DEBUG\VORTEXMEMORYALLOCATION.OBJ
G:\RESEARCH\REALM_CAPI\SOFTWARE\VORTEX\HW\VCORES\CORES\VORTEX_INFRASTRUCTURE_V3_00_A\VS\X64\DEBUG\VORTEXMESSAGE.OBJ
G:\RESEARCH\REALM_CAPI\SOFTWARE\VORTEX\HW\VCORES\CORES\VORTEX_INFRASTRUCTURE_V3_00_A\VS\X64\DEBUG\VORTEXOPERATORLINK.OBJ
G:\RESEARCH\REALM_CAPI\SOFTWARE\VORTEX\HW\VCORES\CORES\VORTEX_INFRASTRUCTURE_V3_00_A\VS\X64\DEBUG\VORTEXOPERATORLINKCONFIGURATION.OBJ
G:\RESEARCH\REALM_CAPI\SOFTWARE\VORTEX\HW\VCORES\CORES\VORTEX_INFRASTRUCTURE_V3_00_A\VS\X64\DEBUG\VORTEXREMOTEDESCRIPTORCONFIGURATION.OBJ
G:\RESEARCH\REALM_CAPI\SOFTWARE\VORTEX\HW\VCORES\CORES\VORTEX_INFRASTRUCTURE_V3_00_A\VS\X64\DEBUG\VORTEXTRANSFERDESCRIPTOR.OBJ
G:\RESEARCH\REALM_CAPI\SOFTWARE\VORTEX\HW\VCORES\CORES\VORTEX_INFRASTRUCTURE_V3_00_A\VS\X64\DEBUG\VORTEXVARIABLE.OBJ
G:\RESEARCH\REALM_CAPI\SOFTWARE\VORTEX\HW\VCORES\CORES\VORTEX_INFRASTRUCTURE_V3_00_A\VS\X64\DEBUG\VC110.PDB
G:\RESEARCH\REALM_CAPI\SOFTWARE\VORTEX\HW\VCORES\CORES\NIF_CAPI_V2_00_B\PSLSE-MASTER\PSLSE\VS\PSL\X64\DEBUG\VORTEX_INFRASTRUCTURE_V3_00_A.LIB
G:\Research\ReALM_CAPI\software\Vortex\hw\vcores\cores\vortex_infrastructure_v3_00_a\vs\x64\Debug\IVortexConfiguration.obj
G:\Research\ReALM_CAPI\software\Vortex\hw\vcores\cores\vortex_infrastructure_v3_00_a\vs\x64\Debug\IVortexNIFSAP.obj
G:\Research\ReALM_CAPI\software\Vortex\hw\vcores\cores\vortex_infrastructure_v3_00_a\vs\x64\Debug\VortexAcceleratorEnvironment.obj
G:\Research\ReALM_CAPI\software\Vortex\hw\vcores\cores\vortex_infrastructure_v3_00_a\vs\x64\Debug\VortexConfigurationGroup.obj
G:\Research\ReALM_CAPI\software\Vortex\hw\vcores\cores\vortex_infrastructure_v3_00_a\vs\x64\Debug\VortexConfigurationPacket.obj
G:\Research\ReALM_CAPI\software\Vortex\hw\vcores\cores\vortex_infrastructure_v3_00_a\vs\x64\Debug\VortexDescriptorConfiguration.obj
G:\Research\ReALM_CAPI\software\Vortex\hw\vcores\cores\vortex_infrastructure_v3_00_a\vs\x64\Debug\VortexDeviceAddress.obj
G:\Research\ReALM_CAPI\software\Vortex\hw\vcores\cores\vortex_infrastructure_v3_00_a\vs\x64\Debug\VortexGenericConfiguration.obj
G:\Research\ReALM_CAPI\software\Vortex\hw\vcores\cores\vortex_infrastructure_v3_00_a\vs\x64\Debug\VortexImageDescriptor.obj
G:\Research\ReALM_CAPI\software\Vortex\hw\vcores\cores\vortex_infrastructure_v3_00_a\vs\x64\Debug\VortexMemoryAllocation.obj
G:\Research\ReALM_CAPI\software\Vortex\hw\vcores\cores\vortex_infrastructure_v3_00_a\vs\x64\Debug\VortexMessage.obj
G:\Research\ReALM_CAPI\software\Vortex\hw\vcores\cores\vortex_infrastructure_v3_00_a\vs\x64\Debug\VortexOperatorLink.obj
G:\Research\ReALM_CAPI\software\Vortex\hw\vcores\cores\vortex_infrastructure_v3_00_a\vs\x64\Debug\VortexOperatorLinkConfiguration.obj
G:\Research\ReALM_CAPI\software\Vortex\hw\vcores\cores\vortex_infrastructure_v3_00_a\vs\x64\Debug\VortexRemoteDescriptorConfiguration.obj
G:\Research\ReALM_CAPI\software\Vortex\hw\vcores\cores\vortex_infrastructure_v3_00_a\vs\x64\Debug\VortexTransferDescriptor.obj
G:\Research\ReALM_CAPI\software\Vortex\hw\vcores\cores\vortex_infrastructure_v3_00_a\vs\x64\Debug\VortexVariable.obj
G:\Research\ReALM_CAPI\software\Vortex\hw\vcores\cores\vortex_infrastructure_v3_00_a\vs\x64\Debug\cl.command.1.tlog
G:\Research\ReALM_CAPI\software\Vortex\hw\vcores\cores\vortex_infrastructure_v3_00_a\vs\x64\Debug\CL.read.1.tlog
G:\Research\ReALM_CAPI\software\Vortex\hw\vcores\cores\vortex_infrastructure_v3_00_a\vs\x64\Debug\CL.write.1.tlog
G:\Research\ReALM_CAPI\software\Vortex\hw\vcores\cores\vortex_infrastructure_v3_00_a\vs\x64\Debug\Lib-link.read.1.tlog
G:\Research\ReALM_CAPI\software\Vortex\hw\vcores\cores\vortex_infrastructure_v3_00_a\vs\x64\Debug\Lib-link.write.1.tlog
G:\Research\ReALM_CAPI\software\Vortex\hw\vcores\cores\vortex_infrastructure_v3_00_a\vs\x64\Debug\lib.command.1.tlog
G:\Research\ReALM_CAPI\software\Vortex\hw\vcores\cores\vortex_infrastructure_v3_00_a\vs\x64\Debug\vc110.idb
G:\Research\ReALM_CAPI\software\Vortex\hw\vcores\cores\vortex_infrastructure_v3_00_a\vs\x64\Debug\vc110.pdb
G:\Research\ReALM_CAPI\software\Vortex\hw\vcores\cores\nif_capi_v2_00_b\pslse-master\pslse\vs\psl\x64\Debug\vortex_infrastructure_v3_00_a.lib
