r:\ska130\repos\realm_capi\software\vortex\hw\sap\hog_engine_v1_00_a\vs\x64\debug\vc120.pdb
r:\ska130\repos\realm_capi\software\vortex\hw\sap\hog_engine_v1_00_a\vs\x64\debug\vc120.idb
r:\ska130\repos\realm_capi\software\vortex\hw\sap\hog_engine_v1_00_a\vs\x64\debug\hog_engine_v1_00_a.obj
r:\ska130\repos\realm_capi\software\vortex\hw\sap\hog_engine_v1_00_a\vs\x64\debug\hog_engine_v1_00_a_configuration_list.obj
r:\ska130\repos\realm_capi\software\vortex\hw\sap\hog_engine_v1_00_a\vs\x64\debug\hog_engine_v1_00_a_controller_config.obj
r:\ska130\repos\realm_capi\software\vortex\hw\sap\hog_engine_v1_00_a\vs\x64\debug\hog_engine_v1_00_a_convolution_kernel_config.obj
r:\ska130\repos\realm_capi\software\vortex\hw\sap\hog_engine_v1_00_a\vs\x64\debug\hog_engine_v1_00_a_histogram_minmax_config.obj
r:\ska130\repos\realm_capi\software\vortex\hw\sap\hog_engine_v1_00_a\vs\x64\debug\hog_engine_v1_00_a_histogram_pagetable_config.obj
r:\ska130\repos\realm_capi\software\vortex\hw\sap\hog_engine_v1_00_a\vs\x64\debug\hog_engine_v1_00_a_notification_config.obj
r:\ska130\repos\realm_capi\software\vortex\hw\sap\hog_engine_v1_00_a\vs\x64\debug\hog_engine_v1_00_a_convolution_image_config.obj
r:\ska130\repos\realm_capi\software\vortex\hw\sap\hog_engine_v1_00_a\vs\x64\debug\hog_engine_v1_00_a_histogram_image_config.obj
r:\ska130\repos\realm_capi\software\vortex\hw\sap\hog_engine_v1_00_a\vs\x64\debug\hog_engine_v1_00_a_opcode_config.obj
r:\ska130\repos\realm_capi\software\vortex\hw\sap\hog_engine_v1_00_a\library\hog_engine_v1_00_a.lib
r:\ska130\repos\realm_capi\software\vortex\hw\sap\hog_engine_v1_00_a\vs\\..\library\hog_engine_v1_00_a.lib
r:\ska130\repos\realm_capi\software\vortex\hw\sap\hog_engine_v1_00_a\vs\x64\debug\hog_engi.7dce2e7d.tlog\lib.command.1.tlog
r:\ska130\repos\realm_capi\software\vortex\hw\sap\hog_engine_v1_00_a\vs\x64\debug\hog_engi.7dce2e7d.tlog\lib-link.read.1.tlog
r:\ska130\repos\realm_capi\software\vortex\hw\sap\hog_engine_v1_00_a\vs\x64\debug\hog_engi.7dce2e7d.tlog\cl.command.1.tlog
r:\ska130\repos\realm_capi\software\vortex\hw\sap\hog_engine_v1_00_a\vs\x64\debug\hog_engi.7dce2e7d.tlog\cl.write.1.tlog
r:\ska130\repos\realm_capi\software\vortex\hw\sap\hog_engine_v1_00_a\vs\x64\debug\hog_engi.7dce2e7d.tlog\cl.read.1.tlog
r:\ska130\repos\realm_capi\software\vortex\hw\sap\hog_engine_v1_00_a\vs\x64\debug\hog_engi.7dce2e7d.tlog\lib-link.write.1.tlog
